<?xml version="1.0" encoding="UTF-8" ?>
<testsuite tests="2" failures="0" name="Testclass.TestRunner" time="6.954" errors="2" skipped="0">
  <properties>
[...]
</properties>
  <testcase classname="Automation Page" name="Verify Subscription Message" time="6.847">
    <error type="java.lang.NullPointerException">java.lang.NullPointerException
	at sun.reflect.NativeMethodAccessorImpl.invoke0(Native Method)
	at sun.reflect.NativeMethodAccessorImpl.invoke(NativeMethodAccessorImpl.java:62)
	at sun.reflect.DelegatingMethodAccessorImpl.invoke(DelegatingMethodAccessorImpl.java:43)
	at java.lang.reflect.Method.invoke(Method.java:498)
	at org.openqa.selenium.support.pagefactory.internal.LocatingElementHandler.invoke(LocatingElementHandler.java:51)
	at com.sun.proxy.$Proxy13.click(Unknown Source)
	at pageObject.basepage.setText(basepage.java:53)
	at pageObject.Homepage.setEnterEmail(Homepage.java:44)
	at TestSteps.StepDefinition.user_enter_email_in_the_subscription_text_box(StepDefinition.java:34)
	at ✽.User enter email &quot;Test@gmail.com&quot; in the subscription text box(src/test/resources/Requirement/homepage.feature:6)
</error>
    <system-out>
&amp;#27;[33mUndefined scenarios:&amp;#27;[0m
&amp;#27;[33msrc/test/resources/Requirement/Dresspage.feature:10 &amp;#27;[0m# Verify Product Count

1 Scenarios (&amp;#27;[33m1 undefined&amp;#27;[0m)
3 Steps (&amp;#27;[33m3 undefined&amp;#27;[0m)
0m0.207s


You can implement missing steps with the snippets below:

@Given(&quot;User lanuch the application&quot;)
public void user_lanuch_the_application() {
    // Write code here that turns the phrase above into concrete actions
    throw new cucumber.api.PendingException();
}

@When(&quot;User Click on the tab {string}&quot;)
public void user_Click_on_the_tab(String string) {
    // Write code here that turns the phrase above into concrete actions
    throw new cucumber.api.PendingException();
}

@Then(&quot;User should see the same number of products count matching with the product header count displayed&quot;)
public void user_should_see_the_same_number_of_products_count_matching_with_the_product_header_count_displayed() {
    // Write code here that turns the phrase above into concrete actions
    throw new cucumber.api.PendingException();
}


&amp;#27;[32m.&amp;#27;[0m&amp;#27;[31mF&amp;#27;[0m&amp;#27;[36m-&amp;#27;[0m</system-out>
    <system-err>Starting ChromeDriver 98.0.4758.80 (7f0488e8ba0d8e019187c6325a16c29d9b7f4989-refs/branch-heads/4758@{#972}) on port 29868
Only local connections are allowed.
Please see https://chromedriver.chromium.org/security-considerations for suggestions on keeping ChromeDriver safe.
ChromeDriver was started successfully.
[1649085347.557][WARNING]: This version of ChromeDriver has not been tested with Chrome version 99.
Apr 04, 2022 8:45:47 PM org.openqa.selenium.remote.ProtocolHandshake createSession
INFO: Detected dialect: W3C
</system-err>
  </testcase>
  <testcase classname="Automation Page" name="Verify Tabs in Home Page" time="0.107">
    <error message="no such window: target window already closed
from unknown error: web view not found
  (Session info: chrome=99.0.4844.84)
Build info: version: &apos;3.11.0&apos;, revision: &apos;e59cfb3&apos;, time: &apos;2018-03-11T20:26:55.152Z&apos;
System info: host: &apos;LAPTOP-UK74CD8S&apos;, ip: &apos;192.168.1.4&apos;, os.name: &apos;Windows 10&apos;, os.arch: &apos;amd64&apos;, os.version: &apos;10.0&apos;, java.version: &apos;1.8.0_211&apos;
Driver info: org.openqa.selenium.chrome.ChromeDriver
Capabilities {acceptInsecureCerts: false, browserName: chrome, browserVersion: 99.0.4844.84, chrome: {chromedriverVersion: 98.0.4758.80 (7f0488e8ba0d8..., userDataDir: C:\Users\Deepan\AppData\Loc...}, goog:chromeOptions: {debuggerAddress: localhost:63993}, javascriptEnabled: true, networkConnectionEnabled: false, pageLoadStrategy: normal, platform: WINDOWS, platformName: WINDOWS, proxy: Proxy(), setWindowRect: true, strictFileInteractability: false, timeouts: {implicit: 0, pageLoad: 300000, script: 30000}, unhandledPromptBehavior: dismiss and notify, webauthn:extension:credBlob: true, webauthn:extension:largeBlob: true, webauthn:virtualAuthenticators: true}
Session ID: 626b3f5db54b314975a62f95cbf6f665
*** Element info: {Using=xpath, value=(//a[@title=&apos;Dresses&apos;])[2]}" type="org.openqa.selenium.NoSuchWindowException">org.openqa.selenium.NoSuchWindowException: no such window: target window already closed
from unknown error: web view not found
  (Session info: chrome=99.0.4844.84)
Build info: version: &apos;3.11.0&apos;, revision: &apos;e59cfb3&apos;, time: &apos;2018-03-11T20:26:55.152Z&apos;
System info: host: &apos;LAPTOP-UK74CD8S&apos;, ip: &apos;192.168.1.4&apos;, os.name: &apos;Windows 10&apos;, os.arch: &apos;amd64&apos;, os.version: &apos;10.0&apos;, java.version: &apos;1.8.0_211&apos;
Driver info: org.openqa.selenium.chrome.ChromeDriver
Capabilities {acceptInsecureCerts: false, browserName: chrome, browserVersion: 99.0.4844.84, chrome: {chromedriverVersion: 98.0.4758.80 (7f0488e8ba0d8..., userDataDir: C:\Users\Deepan\AppData\Loc...}, goog:chromeOptions: {debuggerAddress: localhost:63993}, javascriptEnabled: true, networkConnectionEnabled: false, pageLoadStrategy: normal, platform: WINDOWS, platformName: WINDOWS, proxy: Proxy(), setWindowRect: true, strictFileInteractability: false, timeouts: {implicit: 0, pageLoad: 300000, script: 30000}, unhandledPromptBehavior: dismiss and notify, webauthn:extension:credBlob: true, webauthn:extension:largeBlob: true, webauthn:virtualAuthenticators: true}
Session ID: 626b3f5db54b314975a62f95cbf6f665
*** Element info: {Using=xpath, value=(//a[@title=&apos;Dresses&apos;])[2]}
	at sun.reflect.NativeConstructorAccessorImpl.newInstance0(Native Method)
	at sun.reflect.NativeConstructorAccessorImpl.newInstance(NativeConstructorAccessorImpl.java:62)
	at sun.reflect.DelegatingConstructorAccessorImpl.newInstance(DelegatingConstructorAccessorImpl.java:45)
	at java.lang.reflect.Constructor.newInstance(Constructor.java:423)
	at org.openqa.selenium.remote.http.W3CHttpResponseCodec.createException(W3CHttpResponseCodec.java:187)
	at org.openqa.selenium.remote.http.W3CHttpResponseCodec.decode(W3CHttpResponseCodec.java:122)
	at org.openqa.selenium.remote.http.W3CHttpResponseCodec.decode(W3CHttpResponseCodec.java:49)
	at org.openqa.selenium.remote.HttpCommandExecutor.execute(HttpCommandExecutor.java:158)
	at org.openqa.selenium.remote.service.DriverCommandExecutor.execute(DriverCommandExecutor.java:83)
	at org.openqa.selenium.remote.RemoteWebDriver.execute(RemoteWebDriver.java:545)
	at org.openqa.selenium.remote.RemoteWebDriver.findElement(RemoteWebDriver.java:319)
	at org.openqa.selenium.remote.RemoteWebDriver.findElementByXPath(RemoteWebDriver.java:421)
	at org.openqa.selenium.By$ByXPath.findElement(By.java:361)
	at org.openqa.selenium.remote.RemoteWebDriver.findElement(RemoteWebDriver.java:311)
	at org.openqa.selenium.support.pagefactory.DefaultElementLocator.findElement(DefaultElementLocator.java:69)
	at org.openqa.selenium.support.pagefactory.internal.LocatingElementHandler.invoke(LocatingElementHandler.java:38)
	at com.sun.proxy.$Proxy13.click(Unknown Source)
	at TestSteps.StepDefinition.user_Click_on_the_tab(StepDefinition.java:48)
	at ✽.User Click on the tab &quot;Dresses&quot;(src/test/resources/Requirement/homepage.feature:13)
</error>
    <system-out>&amp;#27;[32m.&amp;#27;[0m&amp;#27;[31mF&amp;#27;[0m&amp;#27;[36m-&amp;#27;[0m</system-out>
  </testcase>
</testsuite>